<?xml version="1.0" encoding="UTF-8"?>
<!-- Generated by org.testng.reporters.JUnitXMLReporter -->
<testsuite hostname="LAPTOP-A5GJABUP" ignored="0" name="Test" tests="14" failures="1" timestamp="15 Apr 2021 13:51:36 GMT" time="15.078" errors="0">
  <testcase name="ValidateAllSearchResulrsUsingArray" time="7.279" classname="com.org.testapi.JasonResponsedataInArray"/>
  <testcase name="ValidateAllSearchResulrsUsingArray1" time="3.037" classname="com.org.testapi.JasonResponsedataInArray"/>
  <testcase name="GetRequestLive" time="1.154" classname="com.org.testapi.TestApiGetMethod"/>
  <testcase name="GetSingleUser" time="0.125" classname="com.org.testapi.TestApiGetMethod"/>
  <testcase name="GetUsersData" time="0.111" classname="com.org.testapi.TestApiGetMethod"/>
  <testcase name="ValidateJasonForGetSingleUser" time="0.362" classname="com.org.testapi.TestApiGetMethod"/>
  <testcase name="ValidateJasonForGetSingleUser1" time="0.4" classname="com.org.testapi.TestApiGetMethod"/>
  <testcase name="ValidateResponseForCreatedUser" time="0.26" classname="com.org.testapi.TestApiGetMethod"/>
  <testcase name="PostRequestRestAssured" time="0.182" classname="com.org.testapi.TestApiPostMethod"/>
  <testcase name="ValidateResponseForCreatedUser" time="0.305" classname="com.org.testapi.TestApiPostMethod"/>
  <testcase name="queryParameter" time="1.002" classname="com.org.testapi.TestApiGetUsingQueryParams"/>
  <testcase name="UpdateCustomerUsingPUT" time="0.3" classname="com.org.testapi.TestApiPutMethods"/>
  <testcase name="testGet" time="0.109" classname="com.org.testapi.TestApiWithXML">
    <failure type="java.lang.NoSuchMethodError" message="com.jayway.restassured.internal.assertion.AssertParameter.notNull(Ljava/lang/Object;Ljava/lang/Class;)Ljava/lang/Object;">
      <![CDATA[java.lang.NoSuchMethodError: com.jayway.restassured.internal.assertion.AssertParameter.notNull(Ljava/lang/Object;Ljava/lang/Class;)Ljava/lang/Object;
at com.jayway.restassured.config.SSLConfig.<init>(SSLConfig.java:192)
at com.jayway.restassured.config.SSLConfig.<init>(SSLConfig.java:184)
at com.jayway.restassured.config.RestAssuredConfig.<init>(RestAssuredConfig.java:41)
at com.jayway.restassured.RestAssured.<clinit>(RestAssured.java:423)
at com.org.testapi.TestApiWithXML.testGet(TestApiWithXML.java:13)
... Removed 25 stack frames]]>
    </failure>
  </testcase> <!-- testGet -->
  <testcase name="testDelete" time="0.268" classname="com.org.testapi.TestApiDelete"/>
</testsuite> <!-- Test -->
